<?xml version="1.0" encoding="UTF-8"?>
<!-- Generated by org.testng.reporters.JUnitReportReporter -->
<testsuite skipped="0" hostname="Ronen-pc" name="sanity.ZimShippingMobile" tests="1" failures="0" timestamp="2021-11-29T15:06:05 IST" time="39.646" errors="0">
  <testcase name="test01_contactUs" time="39.646" classname="sanity.ZimShippingMobile"/>
  <system-out/>
</testsuite> <!-- sanity.ZimShippingMobile -->
